<?xml version="1.0" encoding="UTF-8"?>
<testsuite xmlns:xsi="http://www.w3.org/2001/XMLSchema-instance" xsi:noNamespaceSchemaLocation="https://maven.apache.org/surefire/maven-surefire-plugin/xsd/surefire-test-report-3.0.xsd" version="3.0" name="runners.TestRunner" time="0.409" tests="2" errors="0" skipped="0" failures="0">
  <properties>
[...]
</properties>
  <testcase name="runScenario[&quot;perform a google job search&quot;, &quot;google Search&quot;](1)" classname="runners.TestRunner" time="0.043"/>
  <testcase name="runScenario[&quot;perform a google job search&quot;, &quot;google Search&quot;](2)" classname="runners.TestRunner" time="0.0"/>
</testsuite>